<?xml version="1.0" encoding="UTF-8"?>
<!-- Generated by org.testng.reporters.JUnitReportReporter -->
<testsuite hostname="DESKTOP-RF9SRMM" failures="0" tests="1" name="TestRunner.TestRunnerGuru99" time="16.301" errors="0" timestamp="2023-08-04T18:31:13 IST" skipped="0">
  <testcase classname="TestRunner.TestRunnerGuru99" name="runScenario" time="16.301"/>
  <system-out/>
</testsuite> <!-- TestRunner.TestRunnerGuru99 -->
