<?xml version="1.0" encoding="UTF-8"?>
<!-- Generated by org.testng.reporters.JUnitReportReporter -->
<testsuite hostname="SARITA" failures="0" tests="1" name="TestRunner.TestRunnerGuru99" time="15.953" errors="0" timestamp="2023-08-05T12:13:00 IST" skipped="0">
  <testcase classname="TestRunner.TestRunnerGuru99" name="runScenario" time="15.953"/>
  <system-out/>
</testsuite> <!-- TestRunner.TestRunnerGuru99 -->
