<?xml version="1.0" encoding="UTF-8"?>
<!-- Generated by org.testng.reporters.JUnitReportReporter -->
<testsuite hostname="Akshay" failures="0" tests="1" name="TestRunner.TestRunnerGuru99" time="5.150" errors="0" timestamp="2023-08-04T23:27:12 IST" skipped="0">
  <testcase classname="TestRunner.TestRunnerGuru99" name="runScenario" time="5.150"/>
  <system-out/>
</testsuite> <!-- TestRunner.TestRunnerGuru99 -->
