<?xml version="1.0" encoding="UTF-8"?>
<!-- Generated by org.testng.reporters.JUnitReportReporter -->
<testsuite hostname="LAPTOP-SJ" failures="0" tests="3" name="TestRunner.TestRunnerGuru99" time="11.781" errors="0" timestamp="2023-08-05T12:52:38 IST" skipped="0">
  <testcase classname="TestRunner.TestRunnerGuru99" name="runScenario" time="11.472"/>
  <system-out/>
  <testcase classname="TestRunner.TestRunnerGuru99" name="runScenario" time="0.118"/>
  <system-out/>
  <testcase classname="TestRunner.TestRunnerGuru99" name="runScenario" time="0.191"/>
  <system-out/>
</testsuite> <!-- TestRunner.TestRunnerGuru99 -->
