<?xml version="1.0" encoding="UTF-8"?>
<!-- Generated by org.testng.reporters.JUnitReportReporter -->
<testsuite hostname="LAPTOP-SJ" failures="0" tests="2" name="TestRunner.TestRunnerGuru99" time="9.059" errors="0" timestamp="2023-08-04T22:55:24 IST" skipped="0">
  <testcase classname="TestRunner.TestRunnerGuru99" name="runScenario" time="8.886"/>
  <system-out/>
  <testcase classname="TestRunner.TestRunnerGuru99" name="runScenario" time="0.173"/>
  <system-out/>
</testsuite> <!-- TestRunner.TestRunnerGuru99 -->
